#
# A fatal error has been detected by the Java Runtime Environment:
#
#  SIGSEGV (0xb) at pc=0x000000010516412c, pid=11435, tid=46339
#
# JRE version: OpenJDK Runtime Environment Zulu15.38+17-CA (15.0.6+5) (build 15.0.6+5-MTS)
# Java VM: OpenJDK 64-Bit Server VM Zulu15.38+17-CA (15.0.6+5-MTS, mixed mode, tiered, compressed oops, g1 gc, bsd-aarch64)
# Problematic frame:
# C  [python3.10+0x1c412c]  gc_collect_main+0x210
#
# No core dump will be written. Core dumps have been disabled. To enable core dumping, try "ulimit -c unlimited" before starting Java again
#
# If you would like to submit a bug report, please visit:
#   http://www.azul.com/support/
# The crash happened outside the Java Virtual Machine in native code.
# See problematic frame for where to report the bug.
#

---------------  S U M M A R Y ------------

Command Line: -Dfile.encoding=UTF8 -ea -Xmx1024m 

Host: MacBookAir10,1 arm64 1 MHz, 8 cores, 16G, Darwin 22.0.0
Time: Tue Aug  2 14:40:47 2022 KST elapsed time: 0.226329 seconds (0d 0h 0m 0s)

---------------  T H R E A D  ---------------

Current thread (0x000000017c1ece00):  JavaThread "Python Reference Queue" daemon [_thread_in_native, id=46339, stack(0x0000000297768000,0x000000029796b000)]

Stack: [0x0000000297768000,0x000000029796b000],  sp=0x000000029796a750,  free space=2057k
Native frames: (J=compiled Java code, A=aot compiled Java code, j=interpreted, Vv=VM code, C=native code)
C  [python3.10+0x1c412c]  gc_collect_main+0x210
C  [python3.10+0x1c5550]  PyGC_Collect+0x9c
C  [_jpype.cpython-310-darwin.so+0x1ccac]  _ZN19JPGarbageCollection9triggeredEv+0x38
C  [_jpype.cpython-310-darwin.so+0x292cc]  Java_org_jpype_ref_JPypeReferenceNative_wake+0x1c
j  org.jpype.ref.JPypeReferenceNative.wake()V+0
j  org.jpype.ref.JPypeReferenceQueue$Worker.run()V+42
j  java.lang.Thread.run()V+11 java.base@15.0.6
v  ~StubRoutines::call_stub
V  [libjvm.dylib+0x3df5e4]  _ZN9JavaCalls11call_helperEP9JavaValueRK12methodHandleP17JavaCallArgumentsP6Thread+0x324
V  [libjvm.dylib+0x3de6bc]  _ZN9JavaCalls12call_virtualEP9JavaValueP5KlassP6SymbolS5_P17JavaCallArgumentsP6Thread+0xf8
V  [libjvm.dylib+0x3de784]  _ZN9JavaCalls12call_virtualEP9JavaValue6HandleP5KlassP6SymbolS6_P6Thread+0x64
V  [libjvm.dylib+0x48deb4]  _ZL12thread_entryP10JavaThreadP6Thread+0xbc
V  [libjvm.dylib+0x8c3880]  _ZN10JavaThread17thread_main_innerEv+0xa0
V  [libjvm.dylib+0x8c0d7c]  _ZN6Thread8call_runEv+0x88
V  [libjvm.dylib+0x710d84]  _ZL19thread_native_entryP6Thread+0x1d0
C  [libsystem_pthread.dylib+0x706c]  _pthread_start+0x94

Java frames: (J=compiled Java code, j=interpreted, Vv=VM code)
j  org.jpype.ref.JPypeReferenceNative.wake()V+0
j  org.jpype.ref.JPypeReferenceQueue$Worker.run()V+42
j  java.lang.Thread.run()V+11 java.base@15.0.6
v  ~StubRoutines::call_stub

siginfo: si_signo: 11 (SIGSEGV), si_code: 2 (SEGV_ACCERR), si_addr: 0x0000000168e61748

Register to memory mapping:

 x0=0x0000000125ef2940 points into unknown readable memory: 0x0000000000000000 | 00 00 00 00 00 00 00 00
 x1=0x0000000000000002 is an unknown value
 x2=0x000000029796a8c0 is pointing into the stack for thread: 0x000000017c1ece00
 x3=0x000000029796a8b8 is pointing into the stack for thread: 0x000000017c1ece00
 x4=0x0 is NULL
 x5=0x00014c0300000000 is an unknown value
 x6=0x0000000000000001 is an unknown value
 x7=0x0 is NULL
 x8=